<?xml version="1.0" encoding="UTF-8"?>
<testng-results ignored="0" total="1" passed="1" failed="0" skipped="0">
  <reporter-output>
  </reporter-output>
  <suite started-at="2022-11-16T10:19:58 IST" name="Default suite" finished-at="2022-11-16T10:20:39 IST" duration-ms="41768">
    <groups>
    </groups>
    <test started-at="2022-11-16T10:19:58 IST" name="Default test" finished-at="2022-11-16T10:20:39 IST" duration-ms="41768">
      <class name="EndToEndScenarios.Test2Test">
        <test-method signature="createProject()[pri:0, instance:EndToEndScenarios.Test2Test@342c38f8]" started-at="2022-11-16T10:19:58 IST" name="createProject" finished-at="2022-11-16T10:20:39 IST" duration-ms="41727" status="PASS">
          <reporter-output>
          </reporter-output>
        </test-method> <!-- createProject -->
      </class> <!-- EndToEndScenarios.Test2Test -->
    </test> <!-- Default test -->
  </suite> <!-- Default suite -->
</testng-results>
