<?xml version="1.0" encoding="UTF-8"?>
<testng-results ignored="0" total="1" passed="1" failed="0" skipped="0">
  <reporter-output>
  </reporter-output>
  <suite started-at="2022-12-02T18:01:28 IST" name="Default suite" finished-at="2022-12-02T18:01:28 IST" duration-ms="85">
    <groups>
    </groups>
    <test started-at="2022-12-02T18:01:28 IST" name="Default test" finished-at="2022-12-02T18:01:28 IST" duration-ms="85">
      <class name="Prem.OccuranceOfDigit">
        <test-method signature="main()[pri:0, instance:Prem.OccuranceOfDigit@7c711375]" started-at="2022-12-02T18:01:28 IST" name="main" finished-at="2022-12-02T18:01:28 IST" duration-ms="17" status="PASS">
          <reporter-output>
          </reporter-output>
        </test-method> <!-- main -->
      </class> <!-- Prem.OccuranceOfDigit -->
    </test> <!-- Default test -->
  </suite> <!-- Default suite -->
</testng-results>
